TN:
SF:app.js
FN:22,(anonymous_0)
FN:59,(anonymous_1)
FN:63,(anonymous_2)
FN:70,(anonymous_3)
FN:78,(anonymous_4)
FNF:5
FNH:2
FNDA:7,(anonymous_0)
FNDA:1,(anonymous_1)
FNDA:0,(anonymous_2)
FNDA:0,(anonymous_3)
FNDA:0,(anonymous_4)
DA:1,7
DA:2,7
DA:3,7
DA:4,7
DA:5,7
DA:7,7
DA:8,7
DA:9,7
DA:11,7
DA:13,7
DA:14,0
DA:15,0
DA:18,7
DA:20,7
DA:21,7
DA:22,7
DA:23,7
DA:26,7
DA:29,7
DA:38,7
DA:39,7
DA:40,7
DA:41,7
DA:42,7
DA:43,7
DA:44,7
DA:45,7
DA:46,7
DA:48,7
DA:49,7
DA:50,7
DA:51,7
DA:52,7
DA:53,7
DA:54,7
DA:55,7
DA:56,7
DA:59,7
DA:60,1
DA:63,7
DA:64,0
DA:65,0
DA:69,7
DA:70,0
DA:71,0
DA:72,0
DA:78,7
DA:79,0
DA:81,0
DA:84,7
LF:50
LH:41
BRDA:8,0,0,7
BRDA:8,0,1,0
BRDA:13,1,0,0
BRDA:13,1,1,7
BRDA:69,2,0,0
BRDA:69,2,1,7
BRF:6
BRH:3
end_of_record
TN:
SF:swagger.js
FNF:0
FNH:0
DA:1,7
DA:3,7
DA:116,7
DA:126,7
DA:128,7
LF:5
LH:5
BRF:0
BRH:0
end_of_record
TN:
SF:controllers\authController.js
FN:8,(anonymous_0)
FN:62,(anonymous_1)
FN:119,(anonymous_2)
FN:138,(anonymous_3)
FN:171,(anonymous_4)
FN:215,(anonymous_5)
FNF:6
FNH:5
FNDA:10,(anonymous_0)
FNDA:5,(anonymous_1)
FNDA:2,(anonymous_2)
FNDA:2,(anonymous_3)
FNDA:3,(anonymous_4)
FNDA:0,(anonymous_5)
DA:1,8
DA:2,8
DA:3,8
DA:4,8
DA:5,8
DA:8,8
DA:9,10
DA:10,10
DA:11,10
DA:12,0
DA:15,10
DA:18,10
DA:19,10
DA:20,1
DA:27,9
DA:36,9
DA:40,9
DA:52,0
DA:53,0
DA:62,8
DA:63,5
DA:64,5
DA:67,5
DA:68,0
DA:75,5
DA:76,5
DA:77,1
DA:84,4
DA:85,4
DA:86,0
DA:93,4
DA:97,4
DA:109,0
DA:110,0
DA:119,8
DA:120,2
DA:121,2
DA:123,2
DA:128,0
DA:129,0
DA:138,8
DA:139,2
DA:140,2
DA:141,2
DA:142,0
DA:145,2
DA:146,2
DA:147,2
DA:148,2
DA:149,0
DA:151,2
DA:156,2
DA:161,0
DA:162,0
DA:171,8
DA:172,3
DA:173,3
DA:174,3
DA:175,0
DA:178,3
DA:181,3
DA:185,3
DA:186,1
DA:192,2
DA:193,2
DA:196,2
DA:200,2
DA:206,0
DA:207,0
DA:215,8
DA:216,0
DA:218,0
LF:72
LH:54
BRDA:11,0,0,0
BRDA:11,0,1,10
BRDA:19,1,0,1
BRDA:19,1,1,9
BRDA:32,2,0,9
BRDA:32,2,1,9
BRDA:67,3,0,0
BRDA:67,3,1,5
BRDA:67,4,0,5
BRDA:67,4,1,5
BRDA:76,5,0,1
BRDA:76,5,1,4
BRDA:85,6,0,0
BRDA:85,6,1,4
BRDA:141,7,0,0
BRDA:141,7,1,2
BRDA:146,8,0,2
BRDA:146,8,1,0
BRDA:147,9,0,2
BRDA:147,9,1,0
BRDA:148,10,0,0
BRDA:148,10,1,2
BRDA:174,11,0,0
BRDA:174,11,1,3
BRDA:185,12,0,1
BRDA:185,12,1,2
BRF:26
BRH:18
end_of_record
TN:
SF:controllers\budgetController.js
FN:7,(anonymous_0)
FN:34,(anonymous_1)
FN:53,(anonymous_2)
FN:98,(anonymous_3)
FN:147,(anonymous_4)
FN:194,(anonymous_5)
FNF:6
FNH:5
FNDA:3,(anonymous_0)
FNDA:1,(anonymous_1)
FNDA:2,(anonymous_2)
FNDA:2,(anonymous_3)
FNDA:2,(anonymous_4)
FNDA:0,(anonymous_5)
DA:1,7
DA:2,7
DA:3,7
DA:4,7
DA:7,7
DA:8,3
DA:9,3
DA:11,3
DA:13,1
DA:18,2
DA:19,2
DA:20,2
DA:25,0
DA:34,7
DA:35,1
DA:36,1
DA:38,1
DA:44,0
DA:53,7
DA:54,2
DA:55,2
DA:56,1
DA:61,1
DA:63,1
DA:64,0
DA:71,1
DA:72,0
DA:78,1
DA:83,0
DA:84,0
DA:89,0
DA:98,7
DA:99,2
DA:100,2
DA:101,1
DA:106,1
DA:108,1
DA:109,0
DA:116,1
DA:117,0
DA:123,1
DA:125,1
DA:127,1
DA:132,0
DA:133,0
DA:138,0
DA:147,7
DA:148,2
DA:149,2
DA:150,1
DA:155,1
DA:157,1
DA:158,0
DA:165,1
DA:166,0
DA:173,1
DA:175,1
DA:180,0
DA:181,0
DA:186,0
DA:194,7
DA:195,0
DA:197,0
LF:63
LH:44
BRDA:18,0,0,2
BRDA:18,0,1,0
BRDA:55,1,0,1
BRDA:55,1,1,1
BRDA:63,2,0,0
BRDA:63,2,1,1
BRDA:71,3,0,0
BRDA:71,3,1,1
BRDA:71,4,0,1
BRDA:71,4,1,0
BRDA:83,5,0,0
BRDA:83,5,1,0
BRDA:100,6,0,1
BRDA:100,6,1,1
BRDA:108,7,0,0
BRDA:108,7,1,1
BRDA:116,8,0,0
BRDA:116,8,1,1
BRDA:116,9,0,1
BRDA:116,9,1,0
BRDA:132,10,0,0
BRDA:132,10,1,0
BRDA:149,11,0,1
BRDA:149,11,1,1
BRDA:157,12,0,0
BRDA:157,12,1,1
BRDA:165,13,0,0
BRDA:165,13,1,1
BRDA:165,14,0,1
BRDA:165,14,1,0
BRDA:180,15,0,0
BRDA:180,15,1,0
BRF:32
BRH:16
end_of_record
TN:
SF:controllers\categoryController.js
FN:5,(anonymous_0)
FN:43,(anonymous_1)
FN:55,(anonymous_2)
FN:77,(anonymous_3)
FN:116,(anonymous_4)
FN:146,(anonymous_5)
FNF:6
FNH:2
FNDA:0,(anonymous_0)
FNDA:1,(anonymous_1)
FNDA:2,(anonymous_2)
FNDA:0,(anonymous_3)
FNDA:0,(anonymous_4)
FNDA:0,(anonymous_5)
DA:1,7
DA:2,7
DA:5,7
DA:6,0
DA:8,0
DA:9,0
DA:14,0
DA:16,0
DA:17,0
DA:18,0
DA:23,0
DA:29,0
DA:31,0
DA:36,0
DA:43,7
DA:44,1
DA:45,1
DA:46,1
DA:48,0
DA:55,7
DA:56,2
DA:58,2
DA:59,0
DA:62,2
DA:64,2
DA:65,1
DA:68,1
DA:70,0
DA:77,7
DA:78,0
DA:80,0
DA:81,0
DA:87,0
DA:88,0
DA:91,0
DA:93,0
DA:95,0
DA:96,0
DA:99,0
DA:100,0
DA:102,0
DA:104,0
DA:109,0
DA:116,7
DA:117,0
DA:119,0
DA:120,0
DA:126,0
DA:127,0
DA:130,0
DA:132,0
DA:133,0
DA:136,0
DA:138,0
DA:140,0
DA:146,7
DA:147,0
DA:149,0
LF:58
LH:17
BRDA:8,0,0,0
BRDA:8,0,1,0
BRDA:17,1,0,0
BRDA:17,1,1,0
BRDA:58,2,0,0
BRDA:58,2,1,2
BRDA:64,3,0,1
BRDA:64,3,1,1
BRDA:80,4,0,0
BRDA:80,4,1,0
BRDA:87,5,0,0
BRDA:87,5,1,0
BRDA:95,6,0,0
BRDA:95,6,1,0
BRDA:99,7,0,0
BRDA:99,7,1,0
BRDA:100,8,0,0
BRDA:100,8,1,0
BRDA:119,9,0,0
BRDA:119,9,1,0
BRDA:126,10,0,0
BRDA:126,10,1,0
BRDA:132,11,0,0
BRDA:132,11,1,0
BRF:24
BRH:3
end_of_record
TN:
SF:controllers\dashboardController.js
FN:8,(anonymous_0)
FN:89,(anonymous_1)
FN:130,(anonymous_2)
FN:166,(anonymous_3)
FN:200,(anonymous_4)
FN:202,(anonymous_5)
FN:208,(anonymous_6)
FN:210,(anonymous_7)
FN:226,(anonymous_8)
FNF:9
FNH:2
FNDA:1,(anonymous_0)
FNDA:1,(anonymous_1)
FNDA:0,(anonymous_2)
FNDA:0,(anonymous_3)
FNDA:0,(anonymous_4)
FNDA:0,(anonymous_5)
FNDA:0,(anonymous_6)
FNDA:0,(anonymous_7)
FNDA:0,(anonymous_8)
DA:1,7
DA:2,7
DA:3,7
DA:4,7
DA:5,7
DA:8,7
DA:9,1
DA:11,1
DA:12,0
DA:19,1
DA:20,1
DA:25,1
DA:26,1
DA:31,1
DA:37,1
DA:56,1
DA:57,1
DA:58,1
DA:60,1
DA:79,0
DA:80,0
DA:89,7
DA:90,1
DA:91,1
DA:94,1
DA:99,1
DA:120,1
DA:126,1
DA:129,1
DA:132,0
DA:147,0
DA:149,0
DA:151,0
DA:163,1
DA:166,1
DA:179,1
DA:200,0
DA:202,0
DA:208,0
DA:210,0
DA:217,0
DA:218,0
DA:226,7
DA:227,0
DA:229,0
LF:45
LH:30
BRDA:11,0,0,0
BRDA:11,0,1,1
BRDA:75,1,0,1
BRDA:75,1,1,0
BRDA:120,2,0,0
BRDA:120,2,1,1
BRDA:140,3,0,0
BRDA:140,3,1,0
BRDA:147,4,0,0
BRDA:147,4,1,0
BRDA:149,5,0,0
BRDA:149,5,1,0
BRDA:185,6,0,0
BRDA:185,6,1,1
BRDA:189,7,0,0
BRDA:189,7,1,1
BRF:16
BRH:5
end_of_record
TN:
SF:controllers\goalController.js
FN:5,(anonymous_0)
FN:25,(anonymous_1)
FN:44,(anonymous_2)
FN:77,(anonymous_3)
FN:115,(anonymous_4)
FN:166,(anonymous_5)
FN:201,(anonymous_6)
FNF:7
FNH:6
FNDA:1,(anonymous_0)
FNDA:1,(anonymous_1)
FNDA:1,(anonymous_2)
FNDA:1,(anonymous_3)
FNDA:1,(anonymous_4)
FNDA:1,(anonymous_5)
FNDA:0,(anonymous_6)
DA:1,7
DA:2,7
DA:5,7
DA:6,1
DA:7,1
DA:9,1
DA:11,1
DA:16,0
DA:25,7
DA:26,1
DA:27,1
DA:29,1
DA:35,0
DA:44,7
DA:45,1
DA:46,1
DA:48,1
DA:49,0
DA:56,1
DA:57,0
DA:63,1
DA:68,0
DA:77,7
DA:78,1
DA:79,1
DA:81,1
DA:82,0
DA:89,1
DA:90,0
DA:96,1
DA:101,1
DA:106,0
DA:115,7
DA:116,1
DA:117,1
DA:119,1
DA:120,0
DA:126,1
DA:128,1
DA:129,0
DA:136,1
DA:137,0
DA:143,1
DA:146,1
DA:147,0
DA:150,1
DA:152,1
DA:157,0
DA:166,7
DA:167,1
DA:168,1
DA:170,1
DA:171,0
DA:178,1
DA:179,0
DA:185,1
DA:187,1
DA:192,0
DA:193,0
DA:201,7
DA:202,0
DA:204,0
LF:62
LH:43
BRDA:48,0,0,0
BRDA:48,0,1,1
BRDA:56,1,0,0
BRDA:56,1,1,1
BRDA:56,2,0,1
BRDA:56,2,1,0
BRDA:81,3,0,0
BRDA:81,3,1,1
BRDA:89,4,0,0
BRDA:89,4,1,1
BRDA:89,5,0,1
BRDA:89,5,1,0
BRDA:119,6,0,0
BRDA:119,6,1,1
BRDA:119,7,0,1
BRDA:119,7,1,1
BRDA:128,8,0,0
BRDA:128,8,1,1
BRDA:136,9,0,0
BRDA:136,9,1,1
BRDA:136,10,0,1
BRDA:136,10,1,0
BRDA:146,11,0,0
BRDA:146,11,1,1
BRDA:146,12,0,1
BRDA:146,12,1,0
BRDA:170,13,0,0
BRDA:170,13,1,1
BRDA:178,14,0,0
BRDA:178,14,1,1
BRDA:178,15,0,1
BRDA:178,15,1,0
BRF:32
BRH:17
end_of_record
TN:
SF:controllers\notificationController.js
FN:5,(anonymous_0)
FN:22,(anonymous_1)
FN:40,(anonymous_2)
FN:63,(anonymous_3)
FN:89,(anonymous_4)
FN:113,(anonymous_5)
FN:141,(anonymous_6)
FNF:7
FNH:0
FNDA:0,(anonymous_0)
FNDA:0,(anonymous_1)
FNDA:0,(anonymous_2)
FNDA:0,(anonymous_3)
FNDA:0,(anonymous_4)
FNDA:0,(anonymous_5)
FNDA:0,(anonymous_6)
DA:1,7
DA:2,7
DA:5,7
DA:6,0
DA:7,0
DA:8,0
DA:13,0
DA:22,7
DA:23,0
DA:24,0
DA:25,0
DA:31,0
DA:40,7
DA:41,0
DA:42,0
DA:43,0
DA:44,0
DA:49,0
DA:54,0
DA:63,7
DA:64,0
DA:65,0
DA:69,0
DA:70,0
DA:75,0
DA:80,0
DA:89,7
DA:90,0
DA:91,0
DA:92,0
DA:93,0
DA:98,0
DA:99,0
DA:104,0
DA:113,7
DA:114,0
DA:115,0
DA:116,0
DA:117,0
DA:118,0
DA:123,0
DA:128,0
DA:133,0
DA:141,7
DA:142,0
DA:144,0
LF:46
LH:9
BRDA:43,0,0,0
BRDA:43,0,1,0
BRDA:69,1,0,0
BRDA:69,1,1,0
BRDA:92,2,0,0
BRDA:92,2,1,0
BRDA:117,3,0,0
BRDA:117,3,1,0
BRF:8
BRH:0
end_of_record
TN:
SF:controllers\reportController.js
FN:6,(anonymous_0)
FN:46,(anonymous_1)
FN:58,(anonymous_2)
FN:69,(anonymous_3)
FN:89,(anonymous_4)
FN:91,(anonymous_5)
FN:121,(anonymous_6)
FN:153,(anonymous_7)
FN:182,(anonymous_8)
FN:215,(anonymous_9)
FNF:10
FNH:5
FNDA:2,(anonymous_0)
FNDA:2,(anonymous_1)
FNDA:0,(anonymous_2)
FNDA:0,(anonymous_3)
FNDA:0,(anonymous_4)
FNDA:0,(anonymous_5)
FNDA:4,(anonymous_6)
FNDA:2,(anonymous_7)
FNDA:4,(anonymous_8)
FNDA:0,(anonymous_9)
DA:1,8
DA:2,8
DA:3,8
DA:6,8
DA:7,2
DA:8,2
DA:10,2
DA:21,2
DA:27,2
DA:28,2
DA:29,0
DA:31,2
DA:32,0
DA:34,2
DA:35,0
DA:39,2
DA:42,1
DA:44,1
DA:46,1
DA:47,2
DA:48,2
DA:49,2
DA:51,2
DA:53,2
DA:55,1
DA:58,0
DA:59,0
DA:60,0
DA:62,0
DA:64,0
DA:66,0
DA:69,0
DA:70,0
DA:71,0
DA:72,0
DA:74,0
DA:75,0
DA:78,0
DA:79,0
DA:81,0
DA:84,0
DA:86,0
DA:89,0
DA:90,0
DA:91,0
DA:92,0
DA:93,0
DA:95,0
DA:98,0
DA:100,0
DA:103,1
DA:104,1
DA:106,1
DA:111,1
DA:112,1
DA:121,8
DA:122,4
DA:123,4
DA:125,3
DA:126,1
DA:132,2
DA:133,1
DA:139,1
DA:144,1
DA:153,8
DA:154,2
DA:155,2
DA:158,2
DA:159,0
DA:165,2
DA:167,1
DA:173,1
DA:182,8
DA:183,4
DA:184,4
DA:186,3
DA:187,1
DA:193,2
DA:194,1
DA:200,1
DA:202,1
DA:207,1
DA:215,8
DA:216,0
DA:217,0
LF:85
LH:54
BRDA:27,0,0,2
BRDA:27,0,1,0
BRDA:28,1,0,0
BRDA:28,1,1,2
BRDA:28,2,0,2
BRDA:28,2,1,0
BRDA:31,3,0,0
BRDA:31,3,1,2
BRDA:31,4,0,2
BRDA:31,4,1,0
BRDA:34,5,0,0
BRDA:34,5,1,2
BRDA:44,6,0,1
BRDA:44,6,1,0
BRDA:44,6,2,0
BRDA:44,6,3,0
BRDA:47,7,0,2
BRDA:47,7,1,0
BRDA:48,8,0,2
BRDA:48,8,1,0
BRDA:59,9,0,0
BRDA:59,9,1,0
BRDA:60,10,0,0
BRDA:60,10,1,0
BRDA:62,11,0,0
BRDA:62,11,1,0
BRDA:74,12,0,0
BRDA:74,12,1,0
BRDA:78,13,0,0
BRDA:78,13,1,0
BRDA:90,14,0,0
BRDA:90,14,1,0
BRDA:90,15,0,0
BRDA:90,15,1,0
BRDA:92,16,0,0
BRDA:92,16,1,0
BRDA:125,17,0,1
BRDA:125,17,1,2
BRDA:132,18,0,1
BRDA:132,18,1,1
BRDA:132,19,0,2
BRDA:132,19,1,1
BRDA:155,20,0,2
BRDA:155,20,1,0
BRDA:158,21,0,0
BRDA:158,21,1,2
BRDA:158,22,0,2
BRDA:158,22,1,0
BRDA:186,23,0,1
BRDA:186,23,1,2
BRDA:193,24,0,1
BRDA:193,24,1,1
BRDA:193,25,0,2
BRDA:193,25,1,1
BRF:54
BRH:24
end_of_record
TN:
SF:controllers\transactionController.js
FN:6,(anonymous_0)
FN:26,(anonymous_1)
FN:57,(anonymous_2)
FN:78,(anonymous_3)
FN:111,(anonymous_4)
FN:149,(anonymous_5)
FN:184,(anonymous_6)
FN:233,(anonymous_7)
FN:248,(anonymous_8)
FNF:9
FNH:5
FNDA:7,(anonymous_0)
FNDA:2,(anonymous_1)
FNDA:0,(anonymous_2)
FNDA:4,(anonymous_3)
FNDA:2,(anonymous_4)
FNDA:2,(anonymous_5)
FNDA:0,(anonymous_6)
FNDA:0,(anonymous_7)
FNDA:0,(anonymous_8)
DA:1,7
DA:2,7
DA:3,7
DA:6,7
DA:7,7
DA:8,7
DA:10,7
DA:12,6
DA:17,1
DA:26,7
DA:27,2
DA:28,2
DA:31,2
DA:34,2
DA:35,1
DA:39,1
DA:40,0
DA:41,1
DA:42,0
DA:46,2
DA:47,0
DA:51,2
DA:52,0
DA:56,2
DA:57,0
DA:58,0
DA:61,2
DA:63,2
DA:69,0
DA:78,7
DA:79,4
DA:80,4
DA:82,2
DA:83,1
DA:90,1
DA:91,0
DA:97,1
DA:102,2
DA:111,7
DA:112,2
DA:113,2
DA:115,2
DA:116,1
DA:123,1
DA:124,0
DA:130,1
DA:135,1
DA:140,0
DA:149,7
DA:150,2
DA:151,2
DA:153,2
DA:154,1
DA:161,1
DA:162,0
DA:168,1
DA:170,1
DA:175,0
DA:184,7
DA:185,0
DA:186,0
DA:189,0
DA:190,0
DA:197,0
DA:206,0
DA:212,0
DA:218,0
DA:224,0
DA:225,0
DA:227,0
DA:233,0
DA:240,0
DA:248,7
DA:249,0
DA:250,0
LF:75
LH:48
BRDA:34,0,0,1
BRDA:34,0,1,1
BRDA:34,1,0,2
BRDA:34,1,1,1
BRDA:39,2,0,0
BRDA:39,2,1,1
BRDA:41,3,0,0
BRDA:41,3,1,1
BRDA:46,4,0,0
BRDA:46,4,1,2
BRDA:51,5,0,0
BRDA:51,5,1,2
BRDA:56,6,0,0
BRDA:56,6,1,2
BRDA:82,7,0,1
BRDA:82,7,1,1
BRDA:90,8,0,0
BRDA:90,8,1,1
BRDA:90,9,0,1
BRDA:90,9,1,0
BRDA:115,10,0,1
BRDA:115,10,1,1
BRDA:123,11,0,0
BRDA:123,11,1,1
BRDA:123,12,0,1
BRDA:123,12,1,0
BRDA:153,13,0,1
BRDA:153,13,1,1
BRDA:161,14,0,0
BRDA:161,14,1,1
BRDA:161,15,0,1
BRDA:161,15,1,0
BRDA:189,16,0,0
BRDA:189,16,1,0
BRDA:189,17,0,0
BRDA:189,17,1,0
BRDA:224,18,0,0
BRDA:224,18,1,0
BRDA:225,19,0,0
BRDA:225,19,1,0
BRF:40
BRH:21
end_of_record
TN:
SF:controllers\userController.js
FN:6,(anonymous_0)
FN:38,(anonymous_1)
FN:79,(anonymous_2)
FN:97,(anonymous_3)
FN:106,(anonymous_4)
FN:129,(anonymous_5)
FN:172,(anonymous_6)
FN:190,(anonymous_7)
FN:206,(anonymous_8)
FN:229,(anonymous_9)
FNF:10
FNH:5
FNDA:0,(anonymous_0)
FNDA:0,(anonymous_1)
FNDA:1,(anonymous_2)
FNDA:1,(anonymous_3)
FNDA:3,(anonymous_4)
FNDA:2,(anonymous_5)
FNDA:0,(anonymous_6)
FNDA:1,(anonymous_7)
FNDA:0,(anonymous_8)
FNDA:0,(anonymous_9)
DA:1,7
DA:2,7
DA:3,7
DA:6,7
DA:7,0
DA:8,0
DA:11,0
DA:12,0
DA:13,0
DA:20,0
DA:27,0
DA:29,0
DA:38,7
DA:39,0
DA:40,0
DA:43,0
DA:44,0
DA:51,0
DA:52,0
DA:53,0
DA:60,0
DA:61,0
DA:62,0
DA:68,0
DA:70,0
DA:79,7
DA:80,1
DA:81,1
DA:83,1
DA:88,0
DA:97,7
DA:98,1
DA:99,1
DA:106,1
DA:107,3
DA:110,1
DA:115,1
DA:120,0
DA:129,7
DA:130,2
DA:131,2
DA:132,0
DA:138,2
DA:139,2
DA:140,0
DA:147,2
DA:148,1
DA:155,1
DA:156,1
DA:158,1
DA:163,0
DA:164,0
DA:172,7
DA:173,0
DA:174,0
DA:176,0
DA:182,0
DA:190,7
DA:191,1
DA:192,1
DA:193,1
DA:198,0
DA:206,7
DA:208,0
DA:210,0
DA:216,0
DA:217,0
DA:220,0
DA:229,7
DA:230,0
DA:231,0
LF:71
LH:33
BRDA:12,0,0,0
BRDA:12,0,1,0
BRDA:24,1,0,0
BRDA:24,1,1,0
BRDA:43,2,0,0
BRDA:43,2,1,0
BRDA:43,3,0,0
BRDA:43,3,1,0
BRDA:52,4,0,0
BRDA:52,4,1,0
BRDA:61,5,0,0
BRDA:61,5,1,0
BRDA:107,6,0,3
BRDA:107,6,1,1
BRDA:131,7,0,0
BRDA:131,7,1,2
BRDA:131,8,0,2
BRDA:131,8,1,2
BRDA:139,9,0,0
BRDA:139,9,1,2
BRDA:147,10,0,1
BRDA:147,10,1,1
BRDA:216,11,0,0
BRDA:216,11,1,0
BRF:24
BRH:8
end_of_record
TN:
SF:middleware\authmiddleware.js
FN:6,(anonymous_0)
FN:18,(anonymous_1)
FN:19,(anonymous_2)
FNF:3
FNH:3
FNDA:2,(anonymous_0)
FNDA:105,(anonymous_1)
FNDA:18,(anonymous_2)
DA:1,7
DA:2,7
DA:3,7
DA:6,7
DA:7,2
DA:8,1
DA:10,1
DA:18,7
DA:19,105
DA:20,18
DA:22,18
DA:23,5
DA:26,13
DA:28,13
DA:29,3
DA:32,10
DA:36,10
DA:38,0
DA:44,0
DA:45,0
DA:47,0
DA:48,0
LF:22
LH:17
BRDA:7,0,0,1
BRDA:7,0,1,1
BRDA:7,1,0,2
BRDA:7,1,1,2
BRDA:22,2,0,5
BRDA:22,2,1,13
BRDA:28,3,0,3
BRDA:28,3,1,10
BRDA:32,4,0,10
BRDA:32,4,1,0
BRDA:33,5,0,10
BRDA:33,5,1,10
BRDA:33,5,2,0
BRDA:44,6,0,0
BRDA:44,6,1,0
BRF:15
BRH:11
end_of_record
TN:
SF:middleware\jwtauth.js
FN:4,(anonymous_0)
FN:12,(anonymous_1)
FNF:2
FNH:2
FNDA:1,(anonymous_0)
FNDA:61,(anonymous_1)
DA:1,7
DA:2,7
DA:4,7
DA:5,1
DA:12,7
DA:13,61
DA:14,61
DA:16,61
DA:17,13
DA:22,48
DA:24,48
DA:25,48
DA:26,0
DA:29,48
DA:30,48
DA:32,0
DA:36,7
LF:17
LH:15
BRDA:16,0,0,13
BRDA:16,0,1,48
BRDA:25,1,0,0
BRDA:25,1,1,48
BRF:4
BRH:3
end_of_record
TN:
SF:models\Budget.js
FN:54,(anonymous_0)
FNF:1
FNH:1
FNDA:3,(anonymous_0)
DA:1,7
DA:3,7
DA:54,7
DA:55,3
DA:56,3
DA:59,7
LF:6
LH:6
BRF:0
BRH:0
end_of_record
TN:
SF:models\Category.js
FNF:0
FNH:0
DA:2,7
DA:3,7
DA:5,7
DA:12,7
LF:4
LH:4
BRF:0
BRH:0
end_of_record
TN:
SF:models\Goal.js
FN:65,(anonymous_0)
FN:71,(anonymous_1)
FNF:2
FNH:2
FNDA:5,(anonymous_0)
FNDA:5,(anonymous_1)
DA:1,7
DA:3,7
DA:65,7
DA:66,5
DA:67,5
DA:71,7
DA:72,5
DA:76,0
DA:78,5
DA:81,7
LF:10
LH:9
BRDA:72,0,0,0
BRDA:72,0,1,5
BRDA:73,1,0,5
BRDA:73,1,1,0
BRF:4
BRH:2
end_of_record
TN:
SF:models\Notification.js
FNF:0
FNH:0
DA:1,7
DA:2,7
DA:4,7
DA:14,7
LF:4
LH:4
BRF:0
BRH:0
end_of_record
TN:
SF:models\Report.js
FNF:0
FNH:0
DA:1,8
DA:3,8
DA:42,8
LF:3
LH:3
BRF:0
BRH:0
end_of_record
TN:
SF:models\Transaction.js
FN:43,(anonymous_0)
FN:65,(anonymous_1)
FNF:2
FNH:2
FNDA:8,(anonymous_0)
FNDA:7,(anonymous_1)
DA:1,8
DA:3,8
DA:44,8
DA:65,8
DA:66,7
DA:67,7
DA:70,8
LF:7
LH:7
BRF:0
BRH:0
end_of_record
TN:
SF:models\User.js
FN:68,(anonymous_0)
FN:79,(anonymous_1)
FNF:2
FNH:2
FNDA:19,(anonymous_0)
FNDA:2,(anonymous_1)
DA:1,8
DA:2,8
DA:4,8
DA:68,8
DA:69,19
DA:70,0
DA:73,19
DA:74,19
DA:75,19
DA:79,8
DA:80,2
DA:83,8
LF:12
LH:11
BRDA:69,0,0,0
BRDA:69,0,1,19
BRF:2
BRH:1
end_of_record
TN:
SF:routes\auth_routes.js
FN:67,(anonymous_0)
FNF:1
FNH:0
FNDA:0,(anonymous_0)
DA:1,7
DA:2,7
DA:3,7
DA:4,7
DA:5,7
DA:61,7
DA:68,0
DA:69,0
DA:70,0
DA:72,0
DA:124,7
DA:150,7
DA:182,7
DA:219,7
DA:224,7
LF:15
LH:11
BRDA:69,0,0,0
BRDA:69,0,1,0
BRF:2
BRH:0
end_of_record
TN:
SF:routes\budget_routes.js
FNF:0
FNH:0
DA:1,7
DA:2,7
DA:3,7
DA:4,7
DA:5,7
DA:7,7
DA:66,7
DA:96,7
DA:131,7
DA:182,7
DA:207,7
DA:209,7
LF:12
LH:12
BRF:0
BRH:0
end_of_record
TN:
SF:routes\category_routes.js
FNF:0
FNH:0
DA:1,7
DA:2,7
DA:3,7
DA:4,7
DA:6,7
DA:47,7
DA:69,7
DA:98,7
DA:144,7
DA:177,7
DA:179,7
LF:11
LH:11
BRF:0
BRH:0
end_of_record
TN:
SF:routes\dashboard_routes.js
FN:34,(anonymous_0)
FNF:1
FNH:1
FNDA:1,(anonymous_0)
DA:1,7
DA:2,7
DA:3,7
DA:4,7
DA:6,7
DA:34,7
DA:35,1
DA:36,0
DA:38,1
DA:68,7
DA:94,7
DA:96,7
LF:12
LH:11
BRDA:35,0,0,0
BRDA:35,0,1,1
BRF:2
BRH:1
end_of_record
TN:
SF:routes\goal_routes.js
FNF:0
FNH:0
DA:1,7
DA:2,7
DA:3,7
DA:4,7
DA:5,7
DA:7,7
DA:78,7
DA:108,7
DA:143,7
DA:203,7
DA:241,7
DA:266,7
DA:268,7
LF:13
LH:13
BRF:0
BRH:0
end_of_record
TN:
SF:routes\notification_routes.js
FNF:0
FNH:0
DA:1,7
DA:2,7
DA:3,7
DA:4,7
DA:5,7
DA:7,7
DA:52,7
DA:82,7
DA:117,7
DA:155,7
DA:180,7
DA:225,7
DA:227,7
LF:13
LH:13
BRF:0
BRH:0
end_of_record
TN:
SF:routes\report_routes.js
FNF:0
FNH:0
DA:1,7
DA:2,7
DA:3,7
DA:4,7
DA:5,7
DA:7,7
DA:69,7
DA:104,7
DA:134,7
DA:159,7
DA:161,7
LF:11
LH:11
BRF:0
BRH:0
end_of_record
TN:
SF:routes\transaction_routes.js
FNF:0
FNH:0
DA:1,7
DA:2,7
DA:3,7
DA:4,7
DA:5,7
DA:7,7
DA:77,7
DA:136,7
DA:171,7
DA:219,7
DA:244,7
DA:246,7
LF:12
LH:12
BRF:0
BRH:0
end_of_record
TN:
SF:routes\user_routes.js
FNF:0
FNH:0
DA:1,7
DA:2,7
DA:3,7
DA:5,7
DA:31,7
DA:63,7
DA:96,7
DA:124,7
DA:126,7
LF:9
LH:9
BRF:0
BRH:0
end_of_record
TN:
SF:tests\testHelpers.js
FN:7,createUniqueTestUser
FN:36,cleanupTestData
FNF:2
FNH:1
FNDA:0,createUniqueTestUser
FNDA:1,cleanupTestData
DA:1,1
DA:2,1
DA:9,0
DA:11,0
DA:13,0
DA:16,0
DA:25,0
DA:26,0
DA:28,0
DA:29,0
DA:37,1
DA:41,0
DA:45,1
LF:13
LH:4
BRDA:7,0,0,0
BRDA:9,1,0,0
BRDA:9,1,1,0
BRF:3
BRH:0
end_of_record
