TN:
SF:app.js
FN:22,(anonymous_0)
FN:57,(anonymous_1)
FN:61,(anonymous_2)
FN:66,(anonymous_3)
FN:73,(anonymous_4)
FNF:5
FNH:3
FNDA:7,(anonymous_0)
FNDA:1,(anonymous_1)
FNDA:0,(anonymous_2)
FNDA:1,(anonymous_3)
FNDA:0,(anonymous_4)
DA:1,7
DA:2,7
DA:3,7
DA:4,7
DA:5,7
DA:7,7
DA:8,7
DA:9,7
DA:11,7
DA:13,7
DA:14,0
DA:15,0
DA:18,7
DA:20,7
DA:21,7
DA:22,7
DA:23,7
DA:26,7
DA:29,7
DA:38,7
DA:39,7
DA:40,7
DA:41,7
DA:42,7
DA:43,7
DA:44,7
DA:45,7
DA:47,7
DA:48,7
DA:49,7
DA:50,7
DA:51,7
DA:52,7
DA:53,7
DA:54,7
DA:57,7
DA:58,1
DA:61,7
DA:62,0
DA:63,0
DA:66,7
DA:67,1
DA:68,1
DA:73,7
DA:74,0
DA:76,0
DA:79,7
LF:47
LH:41
BRDA:8,0,0,7
BRDA:8,0,1,0
BRDA:13,1,0,0
BRDA:13,1,1,7
BRF:4
BRH:2
end_of_record
TN:
SF:swagger.js
FNF:0
FNH:0
DA:1,7
DA:3,7
DA:116,7
DA:126,7
DA:128,7
LF:5
LH:5
BRF:0
BRH:0
end_of_record
TN:
SF:controllers\authController.js
FN:7,(anonymous_0)
FN:61,(anonymous_1)
FN:118,(anonymous_2)
FN:137,(anonymous_3)
FN:170,(anonymous_4)
FN:211,(anonymous_5)
FNF:6
FNH:0
FNDA:0,(anonymous_0)
FNDA:0,(anonymous_1)
FNDA:0,(anonymous_2)
FNDA:0,(anonymous_3)
FNDA:0,(anonymous_4)
FNDA:0,(anonymous_5)
DA:1,8
DA:2,8
DA:3,8
DA:4,8
DA:7,8
DA:8,0
DA:9,0
DA:10,0
DA:11,0
DA:14,0
DA:17,0
DA:18,0
DA:19,0
DA:26,0
DA:35,0
DA:39,0
DA:51,0
DA:52,0
DA:61,8
DA:62,0
DA:63,0
DA:66,0
DA:67,0
DA:74,0
DA:75,0
DA:76,0
DA:83,0
DA:84,0
DA:85,0
DA:92,0
DA:96,0
DA:108,0
DA:109,0
DA:118,8
DA:119,0
DA:120,0
DA:122,0
DA:127,0
DA:128,0
DA:137,8
DA:138,0
DA:139,0
DA:140,0
DA:141,0
DA:144,0
DA:145,0
DA:146,0
DA:147,0
DA:149,0
DA:155,0
DA:160,0
DA:161,0
DA:170,8
DA:171,0
DA:172,0
DA:173,0
DA:174,0
DA:177,0
DA:180,0
DA:181,0
DA:182,0
DA:188,0
DA:189,0
DA:192,0
DA:196,0
DA:202,0
DA:203,0
DA:211,8
DA:212,0
DA:214,0
LF:70
LH:10
BRDA:10,0,0,0
BRDA:10,0,1,0
BRDA:18,1,0,0
BRDA:18,1,1,0
BRDA:31,2,0,0
BRDA:31,2,1,0
BRDA:66,3,0,0
BRDA:66,3,1,0
BRDA:66,4,0,0
BRDA:66,4,1,0
BRDA:75,5,0,0
BRDA:75,5,1,0
BRDA:84,6,0,0
BRDA:84,6,1,0
BRDA:140,7,0,0
BRDA:140,7,1,0
BRDA:145,8,0,0
BRDA:145,8,1,0
BRDA:146,9,0,0
BRDA:146,9,1,0
BRDA:147,10,0,0
BRDA:147,10,1,0
BRDA:173,11,0,0
BRDA:173,11,1,0
BRDA:181,12,0,0
BRDA:181,12,1,0
BRF:26
BRH:0
end_of_record
TN:
SF:controllers\budgetController.js
FN:7,(anonymous_0)
FN:27,(anonymous_1)
FN:46,(anonymous_2)
FN:79,(anonymous_3)
FN:116,(anonymous_4)
FN:150,(anonymous_5)
FNF:6
FNH:5
FNDA:1,(anonymous_0)
FNDA:1,(anonymous_1)
FNDA:1,(anonymous_2)
FNDA:1,(anonymous_3)
FNDA:1,(anonymous_4)
FNDA:0,(anonymous_5)
DA:1,7
DA:2,7
DA:3,7
DA:4,7
DA:7,7
DA:8,1
DA:9,1
DA:11,1
DA:13,1
DA:18,0
DA:27,7
DA:28,1
DA:29,1
DA:31,1
DA:37,0
DA:46,7
DA:47,1
DA:48,1
DA:50,1
DA:51,0
DA:58,1
DA:59,0
DA:65,1
DA:70,0
DA:79,7
DA:80,1
DA:81,1
DA:83,1
DA:84,0
DA:91,1
DA:92,0
DA:98,1
DA:100,1
DA:102,1
DA:107,0
DA:116,7
DA:117,1
DA:118,1
DA:120,1
DA:121,0
DA:128,1
DA:129,0
DA:135,1
DA:137,0
DA:142,1
DA:150,7
DA:151,0
DA:153,0
LF:48
LH:35
BRDA:50,0,0,0
BRDA:50,0,1,1
BRDA:58,1,0,0
BRDA:58,1,1,1
BRDA:58,2,0,1
BRDA:58,2,1,0
BRDA:83,3,0,0
BRDA:83,3,1,1
BRDA:91,4,0,0
BRDA:91,4,1,1
BRDA:91,5,0,1
BRDA:91,5,1,0
BRDA:120,6,0,0
BRDA:120,6,1,1
BRDA:128,7,0,0
BRDA:128,7,1,1
BRDA:128,8,0,1
BRDA:128,8,1,0
BRF:18
BRH:9
end_of_record
TN:
SF:controllers\categoryController.js
FN:5,(anonymous_0)
FN:32,(anonymous_1)
FN:42,(anonymous_2)
FN:57,(anonymous_3)
FN:82,(anonymous_4)
FN:98,(anonymous_5)
FNF:6
FNH:5
FNDA:1,(anonymous_0)
FNDA:1,(anonymous_1)
FNDA:1,(anonymous_2)
FNDA:1,(anonymous_3)
FNDA:1,(anonymous_4)
FNDA:0,(anonymous_5)
DA:1,7
DA:2,7
DA:5,7
DA:6,1
DA:7,1
DA:9,1
DA:10,1
DA:11,1
DA:14,0
DA:20,0
DA:22,0
DA:27,0
DA:32,7
DA:33,1
DA:34,1
DA:35,1
DA:37,0
DA:42,7
DA:43,1
DA:44,1
DA:46,0
DA:47,0
DA:50,0
DA:52,1
DA:57,7
DA:58,1
DA:59,1
DA:61,1
DA:63,0
DA:64,0
DA:67,0
DA:68,0
DA:70,0
DA:72,0
DA:77,1
DA:82,7
DA:83,1
DA:84,1
DA:86,0
DA:87,0
DA:90,0
DA:92,0
DA:94,1
DA:98,7
DA:99,0
DA:101,0
LF:46
LH:26
BRDA:10,0,0,1
BRDA:10,0,1,0
BRDA:46,1,0,0
BRDA:46,1,1,0
BRDA:63,2,0,0
BRDA:63,2,1,0
BRDA:67,3,0,0
BRDA:67,3,1,0
BRDA:68,4,0,0
BRDA:68,4,1,0
BRDA:86,5,0,0
BRDA:86,5,1,0
BRF:12
BRH:1
end_of_record
TN:
SF:controllers\dashboardController.js
FN:8,(anonymous_0)
FN:89,(anonymous_1)
FN:129,(anonymous_2)
FN:162,(anonymous_3)
FN:188,(anonymous_4)
FN:189,(anonymous_5)
FN:204,(anonymous_6)
FNF:7
FNH:0
FNDA:0,(anonymous_0)
FNDA:0,(anonymous_1)
FNDA:0,(anonymous_2)
FNDA:0,(anonymous_3)
FNDA:0,(anonymous_4)
FNDA:0,(anonymous_5)
FNDA:0,(anonymous_6)
DA:1,8
DA:2,8
DA:3,8
DA:4,8
DA:5,8
DA:8,8
DA:9,0
DA:11,0
DA:12,0
DA:19,0
DA:20,0
DA:25,0
DA:26,0
DA:31,0
DA:37,0
DA:56,0
DA:57,0
DA:58,0
DA:60,0
DA:79,0
DA:80,0
DA:89,8
DA:90,0
DA:91,0
DA:94,0
DA:99,0
DA:119,0
DA:124,0
DA:128,0
DA:131,0
DA:143,0
DA:144,0
DA:146,0
DA:158,0
DA:162,0
DA:173,0
DA:188,0
DA:189,0
DA:195,0
DA:196,0
DA:204,8
DA:205,0
DA:207,0
LF:43
LH:8
BRDA:11,0,0,0
BRDA:11,0,1,0
BRDA:75,1,0,0
BRDA:75,1,1,0
BRDA:119,2,0,0
BRDA:119,2,1,0
BRDA:137,3,0,0
BRDA:137,3,1,0
BRDA:143,4,0,0
BRDA:143,4,1,0
BRDA:144,5,0,0
BRDA:144,5,1,0
BRDA:178,6,0,0
BRDA:178,6,1,0
BRDA:179,7,0,0
BRDA:179,7,1,0
BRF:16
BRH:0
end_of_record
TN:
SF:controllers\goalController.js
FN:5,(anonymous_0)
FN:25,(anonymous_1)
FN:44,(anonymous_2)
FN:77,(anonymous_3)
FN:115,(anonymous_4)
FN:166,(anonymous_5)
FN:200,(anonymous_6)
FNF:7
FNH:0
FNDA:0,(anonymous_0)
FNDA:0,(anonymous_1)
FNDA:0,(anonymous_2)
FNDA:0,(anonymous_3)
FNDA:0,(anonymous_4)
FNDA:0,(anonymous_5)
FNDA:0,(anonymous_6)
DA:1,7
DA:2,7
DA:5,7
DA:6,0
DA:7,0
DA:9,0
DA:11,0
DA:16,0
DA:25,7
DA:26,0
DA:27,0
DA:29,0
DA:35,0
DA:44,7
DA:45,0
DA:46,0
DA:48,0
DA:49,0
DA:56,0
DA:57,0
DA:63,0
DA:68,0
DA:77,7
DA:78,0
DA:79,0
DA:81,0
DA:82,0
DA:89,0
DA:90,0
DA:96,0
DA:101,0
DA:106,0
DA:115,7
DA:116,0
DA:117,0
DA:119,0
DA:120,0
DA:126,0
DA:128,0
DA:129,0
DA:136,0
DA:137,0
DA:143,0
DA:146,0
DA:147,0
DA:150,0
DA:152,0
DA:157,0
DA:166,7
DA:167,0
DA:168,0
DA:170,0
DA:171,0
DA:178,0
DA:179,0
DA:185,0
DA:187,0
DA:192,0
DA:200,7
DA:201,0
DA:203,0
LF:61
LH:9
BRDA:48,0,0,0
BRDA:48,0,1,0
BRDA:56,1,0,0
BRDA:56,1,1,0
BRDA:56,2,0,0
BRDA:56,2,1,0
BRDA:81,3,0,0
BRDA:81,3,1,0
BRDA:89,4,0,0
BRDA:89,4,1,0
BRDA:89,5,0,0
BRDA:89,5,1,0
BRDA:119,6,0,0
BRDA:119,6,1,0
BRDA:119,7,0,0
BRDA:119,7,1,0
BRDA:128,8,0,0
BRDA:128,8,1,0
BRDA:136,9,0,0
BRDA:136,9,1,0
BRDA:136,10,0,0
BRDA:136,10,1,0
BRDA:146,11,0,0
BRDA:146,11,1,0
BRDA:146,12,0,0
BRDA:146,12,1,0
BRDA:170,13,0,0
BRDA:170,13,1,0
BRDA:178,14,0,0
BRDA:178,14,1,0
BRDA:178,15,0,0
BRDA:178,15,1,0
BRF:32
BRH:0
end_of_record
TN:
SF:controllers\reportController.js
FN:6,(anonymous_0)
FN:46,(anonymous_1)
FN:58,(anonymous_2)
FN:69,(anonymous_3)
FN:89,(anonymous_4)
FN:91,(anonymous_5)
FN:121,(anonymous_6)
FN:153,(anonymous_7)
FN:182,(anonymous_8)
FN:215,(anonymous_9)
FNF:10
FNH:0
FNDA:0,(anonymous_0)
FNDA:0,(anonymous_1)
FNDA:0,(anonymous_2)
FNDA:0,(anonymous_3)
FNDA:0,(anonymous_4)
FNDA:0,(anonymous_5)
FNDA:0,(anonymous_6)
FNDA:0,(anonymous_7)
FNDA:0,(anonymous_8)
FNDA:0,(anonymous_9)
DA:1,7
DA:2,7
DA:3,7
DA:6,7
DA:7,0
DA:8,0
DA:10,0
DA:21,0
DA:27,0
DA:28,0
DA:29,0
DA:31,0
DA:32,0
DA:34,0
DA:35,0
DA:39,0
DA:42,0
DA:44,0
DA:46,0
DA:47,0
DA:48,0
DA:49,0
DA:51,0
DA:53,0
DA:55,0
DA:58,0
DA:59,0
DA:60,0
DA:62,0
DA:64,0
DA:66,0
DA:69,0
DA:70,0
DA:71,0
DA:72,0
DA:74,0
DA:75,0
DA:78,0
DA:79,0
DA:81,0
DA:84,0
DA:86,0
DA:89,0
DA:90,0
DA:91,0
DA:92,0
DA:93,0
DA:95,0
DA:98,0
DA:100,0
DA:103,0
DA:104,0
DA:106,0
DA:111,0
DA:112,0
DA:121,7
DA:122,0
DA:123,0
DA:125,0
DA:126,0
DA:132,0
DA:133,0
DA:139,0
DA:144,0
DA:153,7
DA:154,0
DA:155,0
DA:158,0
DA:159,0
DA:165,0
DA:167,0
DA:173,0
DA:182,7
DA:183,0
DA:184,0
DA:186,0
DA:187,0
DA:193,0
DA:194,0
DA:200,0
DA:202,0
DA:207,0
DA:215,7
DA:216,0
DA:217,0
LF:85
LH:8
BRDA:27,0,0,0
BRDA:27,0,1,0
BRDA:28,1,0,0
BRDA:28,1,1,0
BRDA:28,2,0,0
BRDA:28,2,1,0
BRDA:31,3,0,0
BRDA:31,3,1,0
BRDA:31,4,0,0
BRDA:31,4,1,0
BRDA:34,5,0,0
BRDA:34,5,1,0
BRDA:44,6,0,0
BRDA:44,6,1,0
BRDA:44,6,2,0
BRDA:44,6,3,0
BRDA:47,7,0,0
BRDA:47,7,1,0
BRDA:48,8,0,0
BRDA:48,8,1,0
BRDA:59,9,0,0
BRDA:59,9,1,0
BRDA:60,10,0,0
BRDA:60,10,1,0
BRDA:62,11,0,0
BRDA:62,11,1,0
BRDA:74,12,0,0
BRDA:74,12,1,0
BRDA:78,13,0,0
BRDA:78,13,1,0
BRDA:90,14,0,0
BRDA:90,14,1,0
BRDA:90,15,0,0
BRDA:90,15,1,0
BRDA:92,16,0,0
BRDA:92,16,1,0
BRDA:125,17,0,0
BRDA:125,17,1,0
BRDA:132,18,0,0
BRDA:132,18,1,0
BRDA:132,19,0,0
BRDA:132,19,1,0
BRDA:155,20,0,0
BRDA:155,20,1,0
BRDA:158,21,0,0
BRDA:158,21,1,0
BRDA:158,22,0,0
BRDA:158,22,1,0
BRDA:186,23,0,0
BRDA:186,23,1,0
BRDA:193,24,0,0
BRDA:193,24,1,0
BRDA:193,25,0,0
BRDA:193,25,1,0
BRF:54
BRH:0
end_of_record
TN:
SF:controllers\transactionController.js
FN:6,(anonymous_0)
FN:26,(anonymous_1)
FN:57,(anonymous_2)
FN:78,(anonymous_3)
FN:111,(anonymous_4)
FN:149,(anonymous_5)
FN:184,(anonymous_6)
FN:233,(anonymous_7)
FN:248,(anonymous_8)
FNF:9
FNH:0
FNDA:0,(anonymous_0)
FNDA:0,(anonymous_1)
FNDA:0,(anonymous_2)
FNDA:0,(anonymous_3)
FNDA:0,(anonymous_4)
FNDA:0,(anonymous_5)
FNDA:0,(anonymous_6)
FNDA:0,(anonymous_7)
FNDA:0,(anonymous_8)
DA:1,7
DA:2,7
DA:3,7
DA:6,7
DA:7,0
DA:8,0
DA:10,0
DA:12,0
DA:17,0
DA:26,7
DA:27,0
DA:28,0
DA:31,0
DA:34,0
DA:35,0
DA:39,0
DA:40,0
DA:41,0
DA:42,0
DA:46,0
DA:47,0
DA:51,0
DA:52,0
DA:56,0
DA:57,0
DA:58,0
DA:61,0
DA:63,0
DA:69,0
DA:78,7
DA:79,0
DA:80,0
DA:82,0
DA:83,0
DA:90,0
DA:91,0
DA:97,0
DA:102,0
DA:111,7
DA:112,0
DA:113,0
DA:115,0
DA:116,0
DA:123,0
DA:124,0
DA:130,0
DA:135,0
DA:140,0
DA:149,7
DA:150,0
DA:151,0
DA:153,0
DA:154,0
DA:161,0
DA:162,0
DA:168,0
DA:170,0
DA:175,0
DA:184,7
DA:185,0
DA:186,0
DA:189,0
DA:190,0
DA:197,0
DA:206,0
DA:212,0
DA:218,0
DA:224,0
DA:225,0
DA:227,0
DA:233,0
DA:240,0
DA:248,7
DA:249,0
DA:250,0
LF:75
LH:10
BRDA:34,0,0,0
BRDA:34,0,1,0
BRDA:34,1,0,0
BRDA:34,1,1,0
BRDA:39,2,0,0
BRDA:39,2,1,0
BRDA:41,3,0,0
BRDA:41,3,1,0
BRDA:46,4,0,0
BRDA:46,4,1,0
BRDA:51,5,0,0
BRDA:51,5,1,0
BRDA:56,6,0,0
BRDA:56,6,1,0
BRDA:82,7,0,0
BRDA:82,7,1,0
BRDA:90,8,0,0
BRDA:90,8,1,0
BRDA:90,9,0,0
BRDA:90,9,1,0
BRDA:115,10,0,0
BRDA:115,10,1,0
BRDA:123,11,0,0
BRDA:123,11,1,0
BRDA:123,12,0,0
BRDA:123,12,1,0
BRDA:153,13,0,0
BRDA:153,13,1,0
BRDA:161,14,0,0
BRDA:161,14,1,0
BRDA:161,15,0,0
BRDA:161,15,1,0
BRDA:189,16,0,0
BRDA:189,16,1,0
BRDA:189,17,0,0
BRDA:189,17,1,0
BRDA:224,18,0,0
BRDA:224,18,1,0
BRDA:225,19,0,0
BRDA:225,19,1,0
BRF:40
BRH:0
end_of_record
TN:
SF:controllers\userController.js
FN:6,(anonymous_0)
FN:38,(anonymous_1)
FN:79,(anonymous_2)
FN:97,(anonymous_3)
FN:106,(anonymous_4)
FN:129,(anonymous_5)
FN:155,(anonymous_6)
FN:174,(anonymous_7)
FN:197,(anonymous_8)
FNF:9
FNH:4
FNDA:0,(anonymous_0)
FNDA:0,(anonymous_1)
FNDA:1,(anonymous_2)
FNDA:1,(anonymous_3)
FNDA:3,(anonymous_4)
FNDA:2,(anonymous_5)
FNDA:0,(anonymous_6)
FNDA:0,(anonymous_7)
FNDA:0,(anonymous_8)
DA:1,7
DA:2,7
DA:3,7
DA:6,7
DA:7,0
DA:8,0
DA:11,0
DA:12,0
DA:13,0
DA:20,0
DA:27,0
DA:29,0
DA:38,7
DA:39,0
DA:40,0
DA:43,0
DA:44,0
DA:51,0
DA:52,0
DA:53,0
DA:60,0
DA:61,0
DA:62,0
DA:68,0
DA:70,0
DA:79,7
DA:80,1
DA:81,1
DA:83,1
DA:88,0
DA:97,7
DA:98,1
DA:99,1
DA:106,1
DA:107,3
DA:110,1
DA:115,1
DA:120,0
DA:129,7
DA:130,2
DA:131,2
DA:134,2
DA:135,0
DA:141,0
DA:142,0
DA:144,0
DA:146,2
DA:155,7
DA:156,0
DA:157,0
DA:159,0
DA:165,0
DA:174,7
DA:176,0
DA:178,0
DA:184,0
DA:185,0
DA:188,0
DA:197,7
DA:198,0
DA:199,0
LF:61
LH:24
BRDA:12,0,0,0
BRDA:12,0,1,0
BRDA:24,1,0,0
BRDA:24,1,1,0
BRDA:43,2,0,0
BRDA:43,2,1,0
BRDA:43,3,0,0
BRDA:43,3,1,0
BRDA:52,4,0,0
BRDA:52,4,1,0
BRDA:61,5,0,0
BRDA:61,5,1,0
BRDA:107,6,0,3
BRDA:107,6,1,1
BRDA:134,7,0,0
BRDA:134,7,1,0
BRDA:184,8,0,0
BRDA:184,8,1,0
BRF:18
BRH:2
end_of_record
TN:
SF:middleware\authmiddleware.js
FN:5,(anonymous_0)
FN:17,(anonymous_1)
FN:17,(anonymous_2)
FNF:3
FNH:3
FNDA:3,(anonymous_0)
FNDA:84,(anonymous_1)
FNDA:3,(anonymous_2)
DA:1,7
DA:2,7
DA:5,7
DA:6,3
DA:7,3
DA:9,0
DA:17,84
DA:18,3
DA:19,3
DA:21,3
DA:22,0
DA:29,3
DA:33,3
DA:35,0
DA:41,0
DA:42,0
LF:16
LH:11
BRDA:6,0,0,3
BRDA:6,0,1,0
BRDA:6,1,0,3
BRDA:6,1,1,3
BRDA:21,2,0,0
BRDA:21,2,1,3
BRDA:29,3,0,3
BRDA:29,3,1,0
BRDA:30,4,0,3
BRDA:30,4,1,3
BRDA:30,4,2,0
BRF:11
BRH:7
end_of_record
TN:
SF:middleware\jwtauth.js
FN:4,(anonymous_0)
FN:12,(anonymous_1)
FNF:2
FNH:2
FNDA:1,(anonymous_0)
FNDA:18,(anonymous_1)
DA:1,8
DA:2,8
DA:4,8
DA:5,1
DA:12,8
DA:13,18
DA:14,18
DA:16,18
DA:17,3
DA:22,15
DA:24,15
DA:25,15
DA:26,6
DA:29,9
DA:30,9
DA:32,0
DA:36,8
LF:17
LH:16
BRDA:16,0,0,3
BRDA:16,0,1,15
BRDA:25,1,0,6
BRDA:25,1,1,9
BRF:4
BRH:4
end_of_record
TN:
SF:models\Budget.js
FN:54,(anonymous_0)
FNF:1
FNH:1
FNDA:2,(anonymous_0)
DA:1,8
DA:3,8
DA:54,8
DA:55,2
DA:56,2
DA:59,8
LF:6
LH:6
BRF:0
BRH:0
end_of_record
TN:
SF:models\Category.js
FNF:0
FNH:0
DA:2,7
DA:3,7
DA:5,7
DA:12,7
LF:4
LH:4
BRF:0
BRH:0
end_of_record
TN:
SF:models\Goal.js
FN:65,(anonymous_0)
FN:71,(anonymous_1)
FNF:2
FNH:2
FNDA:1,(anonymous_0)
FNDA:1,(anonymous_1)
DA:1,8
DA:3,8
DA:65,8
DA:66,1
DA:67,1
DA:71,8
DA:72,1
DA:76,0
DA:78,1
DA:81,8
LF:10
LH:9
BRDA:72,0,0,0
BRDA:72,0,1,1
BRDA:73,1,0,1
BRDA:73,1,1,0
BRF:4
BRH:2
end_of_record
TN:
SF:models\Notification.js
FNF:0
FNH:0
DA:1,1
DA:2,1
DA:4,1
DA:14,1
LF:4
LH:4
BRF:0
BRH:0
end_of_record
TN:
SF:models\Report.js
FNF:0
FNH:0
DA:1,7
DA:3,7
DA:42,7
LF:3
LH:3
BRF:0
BRH:0
end_of_record
TN:
SF:models\Transaction.js
FN:43,(anonymous_0)
FN:65,(anonymous_1)
FNF:2
FNH:0
FNDA:0,(anonymous_0)
FNDA:0,(anonymous_1)
DA:1,8
DA:3,8
DA:44,0
DA:65,8
DA:66,0
DA:67,0
DA:70,8
LF:7
LH:4
BRF:0
BRH:0
end_of_record
TN:
SF:models\User.js
FN:68,(anonymous_0)
FNF:1
FNH:1
FNDA:5,(anonymous_0)
DA:1,9
DA:2,9
DA:4,9
DA:68,9
DA:69,5
DA:70,0
DA:73,5
DA:74,5
DA:75,5
DA:78,9
LF:10
LH:9
BRDA:69,0,0,0
BRDA:69,0,1,5
BRF:2
BRH:1
end_of_record
TN:
SF:routes\auth_routes.js
FN:67,(anonymous_0)
FNF:1
FNH:0
FNDA:0,(anonymous_0)
DA:1,7
DA:2,7
DA:3,7
DA:4,7
DA:5,7
DA:61,7
DA:68,0
DA:69,0
DA:70,0
DA:72,0
DA:124,7
DA:150,7
DA:182,7
DA:219,7
DA:224,7
LF:15
LH:11
BRDA:69,0,0,0
BRDA:69,0,1,0
BRF:2
BRH:0
end_of_record
TN:
SF:routes\budget_routes.js
FNF:0
FNH:0
DA:1,7
DA:2,7
DA:3,7
DA:4,7
DA:5,7
DA:7,7
DA:66,7
DA:96,7
DA:131,7
DA:182,7
DA:207,7
DA:209,7
LF:12
LH:12
BRF:0
BRH:0
end_of_record
TN:
SF:routes\category_routes.js
FNF:0
FNH:0
DA:1,7
DA:2,7
DA:3,7
DA:4,7
DA:6,7
DA:47,7
DA:69,7
DA:98,7
DA:144,7
DA:177,7
DA:179,7
LF:11
LH:11
BRF:0
BRH:0
end_of_record
TN:
SF:routes\dashboard_routes.js
FN:34,(anonymous_0)
FNF:1
FNH:0
FNDA:0,(anonymous_0)
DA:1,7
DA:2,7
DA:3,7
DA:4,7
DA:6,7
DA:34,7
DA:35,0
DA:36,0
DA:38,0
DA:68,7
DA:94,7
DA:96,7
LF:12
LH:9
BRDA:35,0,0,0
BRDA:35,0,1,0
BRF:2
BRH:0
end_of_record
TN:
SF:routes\goal_routes.js
FNF:0
FNH:0
DA:1,7
DA:2,7
DA:3,7
DA:4,7
DA:5,7
DA:7,7
DA:78,7
DA:108,7
DA:143,7
DA:203,7
DA:241,7
DA:266,7
DA:268,7
LF:13
LH:13
BRF:0
BRH:0
end_of_record
TN:
SF:routes\report_routes.js
FNF:0
FNH:0
DA:1,7
DA:2,7
DA:3,7
DA:4,7
DA:5,7
DA:7,7
DA:69,7
DA:104,7
DA:134,7
DA:159,7
DA:161,7
LF:11
LH:11
BRF:0
BRH:0
end_of_record
TN:
SF:routes\transaction_routes.js
FNF:0
FNH:0
DA:1,7
DA:2,7
DA:3,7
DA:4,7
DA:5,7
DA:7,7
DA:77,7
DA:136,7
DA:171,7
DA:219,7
DA:244,7
DA:246,7
LF:12
LH:12
BRF:0
BRH:0
end_of_record
TN:
SF:routes\user_routes.js
FNF:0
FNH:0
DA:1,7
DA:2,7
DA:3,7
DA:5,7
DA:31,7
DA:63,7
DA:96,7
DA:98,7
LF:8
LH:8
BRF:0
BRH:0
end_of_record
